0 info it worked if it ends with ok
1 verbose cli [ 'C:\\Program Files (x86)\\nodejs\\node.exe',
1 verbose cli   'C:\\Users\\Nico\\AppData\\Roaming\\npm\\node_modules\\npm\\bin\\npm-cli.js',
1 verbose cli   'publish' ]
2 info using npm@3.5.3
3 info using node@v4.4.3
4 verbose publish [ '.' ]
5 silly cache add args [ '.', null ]
6 verbose cache add spec .
7 silly cache add parsed spec Result {
7 silly cache add   raw: '.',
7 silly cache add   scope: null,
7 silly cache add   name: null,
7 silly cache add   rawSpec: '.',
7 silly cache add   spec: 'C:\\Users\\Nico\\Desktop\\grunt-doof-lightning-linter',
7 silly cache add   type: 'directory' }
8 verbose addLocalDirectory C:\Users\Nico\AppData\Roaming\npm-cache\grunt-doof-lightning-linter\0.2.0\package.tgz not in flight; packing
9 info lifecycle grunt-doof-lightning-linter@0.2.0~prepublish: grunt-doof-lightning-linter@0.2.0
10 silly lifecycle grunt-doof-lightning-linter@0.2.0~prepublish: no script for prepublish, continuing
11 verbose tar pack [ 'C:\\Users\\Nico\\AppData\\Roaming\\npm-cache\\grunt-doof-lightning-linter\\0.2.0\\package.tgz',
11 verbose tar pack   'C:\\Users\\Nico\\Desktop\\grunt-doof-lightning-linter' ]
12 verbose tarball C:\Users\Nico\AppData\Roaming\npm-cache\grunt-doof-lightning-linter\0.2.0\package.tgz
13 verbose folder C:\Users\Nico\Desktop\grunt-doof-lightning-linter
14 verbose addLocalTarball adding from inside cache C:\Users\Nico\AppData\Roaming\npm-cache\grunt-doof-lightning-linter\0.2.0\package.tgz
15 silly cache afterAdd grunt-doof-lightning-linter@0.2.0
16 verbose afterAdd C:\Users\Nico\AppData\Roaming\npm-cache\grunt-doof-lightning-linter\0.2.0\package\package.json not in flight; writing
17 verbose afterAdd C:\Users\Nico\AppData\Roaming\npm-cache\grunt-doof-lightning-linter\0.2.0\package\package.json written
18 silly publish { name: 'grunt-doof-lightning-linter',
18 silly publish   description: 'Grunt wrapper for the Lightning linter',
18 silly publish   version: '0.2.0',
18 silly publish   homepage: 'https://github.com/grunt-doof-lightning-linter',
18 silly publish   author: { name: 'Jimmy Doofer', email: 'N/A' },
18 silly publish   licenses: [ { type: 'MIT' } ],
18 silly publish   engines: { node: '>= 0.8.0' },
18 silly publish   devDependencies:
18 silly publish    { 'grunt-contrib-jshint': '^0.9.2',
18 silly publish      'grunt-contrib-clean': '^0.5.0',
18 silly publish      'grunt-contrib-nodeunit': '^0.3.3',
18 silly publish      grunt: '~0.4.5' },
18 silly publish   keywords: [ 'salesforce', 'lightning', 'cli', 'linter' ],
18 silly publish   dependencies: { 'salesforce-lightning-cli': '^1.0.0' },
18 silly publish   readme: '# grunt-doof-lightning-linter\r\n\r\n> Grunt wrapper for the Lightning linter\r\n\r\n## Getting Started\r\nThis plugin requires Grunt `~0.4.5`\r\n\r\nIf you haven\'t used [Grunt](http://gruntjs.com/) before, be sure to check out the [Getting Started](http://gruntjs.com/getting-started) guide, as it explains how to create a [Gruntfile](http://gruntjs.com/sample-gruntfile) as well as install and use Grunt plugins. Once you\'re familiar with that process, you may install this plugin with this command:\r\n\r\n```shell\r\nnpm install grunt-doof-lightning-linter --save-dev\r\n```\r\n\r\nOnce the plugin has been installed, it may be enabled inside your Gruntfile with this line of JavaScript:\r\n\r\n```js\r\ngrunt.loadNpmTasks(\'grunt-doof-lightning-linter\');\r\n```\r\n\r\n## The "dooflinter" task\r\n\r\n### Overview\r\nIn your project\'s Gruntfile, add a section named `doof-lightning-linter` to the data object passed into `grunt.initConfig()`.\r\n\r\n```js\r\ngrunt.initConfig({\r\n      dooflinter : {\r\n      target : {\r\n        src : \'src/aura\',\r\n        flags :\r\n          {\r\n              //ignore : [],\r\n              //json : {} //"No log, debug or warn functions if --json option is passed",\r\n              //files : [] //If this option is specified, only files in this list will be searched\r\n              //config : [] //If this option is specified, will apply specified custom rules\r\n          }\r\n      }\r\n    }\r\n});\r\n```\r\n',
18 silly publish   readmeFilename: 'README.md',
18 silly publish   _id: 'grunt-doof-lightning-linter@0.2.0',
18 silly publish   scripts: {},
18 silly publish   _shasum: '4a23a227fc10db36c1e73c965b64ca30a7b559de',
18 silly publish   _from: '.' }
19 verbose getPublishConfig undefined
20 silly mapToRegistry name grunt-doof-lightning-linter
21 silly mapToRegistry using default registry
22 silly mapToRegistry registry https://registry.npmjs.org/
23 silly mapToRegistry uri https://registry.npmjs.org/grunt-doof-lightning-linter
24 verbose publish registryBase https://registry.npmjs.org/
25 silly publish uploading C:\Users\Nico\AppData\Roaming\npm-cache\grunt-doof-lightning-linter\0.2.0\package.tgz
26 verbose request uri https://registry.npmjs.org/grunt-doof-lightning-linter
27 verbose request sending authorization for write operation
28 info attempt registry request try #1 at 2:36:28 PM
29 verbose request using bearer token for auth
30 verbose request id cf29191eb86cb475
31 http request PUT https://registry.npmjs.org/grunt-doof-lightning-linter
32 http 403 https://registry.npmjs.org/grunt-doof-lightning-linter
33 verbose headers { 'content-type': 'application/json',
33 verbose headers   'cache-control': 'max-age=300',
33 verbose headers   'content-length': '95',
33 verbose headers   'accept-ranges': 'bytes',
33 verbose headers   date: 'Fri, 06 May 2016 21:36:24 GMT',
33 verbose headers   via: '1.1 varnish',
33 verbose headers   connection: 'keep-alive',
33 verbose headers   'x-served-by': 'cache-sjc3126-SJC',
33 verbose headers   'x-cache': 'MISS',
33 verbose headers   'x-cache-hits': '0',
33 verbose headers   'x-timer': 'S1462570584.219002,VS0,VE157',
33 verbose headers   vary: 'Accept-Encoding' }
34 verbose request invalidating C:\Users\Nico\AppData\Roaming\npm-cache\registry.npmjs.org\grunt-doof-lightning-linter on PUT
35 error publish Failed PUT 403
36 verbose stack Error: "You cannot publish over the previously published version 0.2.0." : grunt-doof-lightning-linter
36 verbose stack     at makeError (C:\Users\Nico\AppData\Roaming\npm\node_modules\npm\node_modules\npm-registry-client\lib\request.js:264:12)
36 verbose stack     at CachingRegistryClient.<anonymous> (C:\Users\Nico\AppData\Roaming\npm\node_modules\npm\node_modules\npm-registry-client\lib\request.js:252:14)
36 verbose stack     at Request._callback (C:\Users\Nico\AppData\Roaming\npm\node_modules\npm\node_modules\npm-registry-client\lib\request.js:172:14)
36 verbose stack     at Request.self.callback (C:\Users\Nico\AppData\Roaming\npm\node_modules\npm\node_modules\request\request.js:198:22)
36 verbose stack     at emitTwo (events.js:87:13)
36 verbose stack     at Request.emit (events.js:172:7)
36 verbose stack     at Request.<anonymous> (C:\Users\Nico\AppData\Roaming\npm\node_modules\npm\node_modules\request\request.js:1035:10)
36 verbose stack     at emitOne (events.js:82:20)
36 verbose stack     at Request.emit (events.js:169:7)
36 verbose stack     at IncomingMessage.<anonymous> (C:\Users\Nico\AppData\Roaming\npm\node_modules\npm\node_modules\request\request.js:962:12)
37 verbose statusCode 403
38 verbose pkgid grunt-doof-lightning-linter
39 verbose cwd C:\Users\Nico\Desktop\grunt-doof-lightning-linter
40 error Windows_NT 6.1.7601
41 error argv "C:\\Program Files (x86)\\nodejs\\node.exe" "C:\\Users\\Nico\\AppData\\Roaming\\npm\\node_modules\\npm\\bin\\npm-cli.js" "publish"
42 error node v4.4.3
43 error npm  v3.5.3
44 error code E403
45 error "You cannot publish over the previously published version 0.2.0." : grunt-doof-lightning-linter
46 error If you need help, you may report this error at:
46 error     <https://github.com/npm/npm/issues>
47 verbose exit [ 1, true ]
